{"numFailedTestSuites":2,"numFailedTests":2,"numPassedTestSuites":14,"numPassedTests":115,"numPendingTestSuites":0,"numPendingTests":0,"numRuntimeErrorTestSuites":0,"numTodoTests":0,"numTotalTestSuites":16,"numTotalTests":117,"openHandles":[],"snapshot":{"added":0,"didUpdate":false,"failure":false,"filesAdded":0,"filesRemoved":0,"filesRemovedList":[],"filesUnmatched":0,"filesUpdated":0,"matched":0,"total":0,"unchecked":0,"uncheckedKeysByFile":[],"unmatched":0,"updated":0},"startTime":1771575280083,"success":false,"testResults":[{"assertionResults":[{"ancestorTitles":["AllExceptionsFilter"],"duration":19,"failing":false,"failureDetails":[],"failureMessages":[],"fullName":"AllExceptionsFilter should be defined","invocations":1,"location":null,"numPassingAsserts":1,"retryReasons":[],"startAt":1771575282841,"status":"passed","title":"should be defined"},{"ancestorTitles":["AllExceptionsFilter"],"duration":9,"failing":false,"failureDetails":[],"failureMessages":[],"fullName":"AllExceptionsFilter should catch HttpException","invocations":1,"location":null,"numPassingAsserts":2,"retryReasons":[],"startAt":1771575282861,"status":"passed","title":"should catch HttpException"},{"ancestorTitles":["AllExceptionsFilter"],"duration":16,"failing":false,"failureDetails":[],"failureMessages":[],"fullName":"AllExceptionsFilter should catch generic Error","invocations":1,"location":null,"numPassingAsserts":2,"retryReasons":[],"startAt":1771575282870,"status":"passed","title":"should catch generic Error"},{"ancestorTitles":["AllExceptionsFilter"],"duration":2,"failing":false,"failureDetails":[],"failureMessages":[],"fullName":"AllExceptionsFilter should catch unknown exception type","invocations":1,"location":null,"numPassingAsserts":2,"retryReasons":[],"startAt":1771575282887,"status":"passed","title":"should catch unknown exception type"},{"ancestorTitles":["AllExceptionsFilter"],"duration":6,"failing":false,"failureDetails":[],"failureMessages":[],"fullName":"AllExceptionsFilter should handle HttpException with object response","invocations":1,"location":null,"numPassingAsserts":2,"retryReasons":[],"startAt":1771575282889,"status":"passed","title":"should handle HttpException with object response"}],"endTime":1771575282898,"message":"","name":"C:\\dev\\zsolt-pet\\src\\common\\filters\\http-exception.filter.spec.ts","startTime":1771575281059,"status":"passed","summary":""},{"assertionResults":[{"ancestorTitles":["AuthGateway"],"duration":31,"failing":false,"failureDetails":[],"failureMessages":[],"fullName":"AuthGateway should be defined","invocations":1,"location":null,"numPassingAsserts":1,"retryReasons":[],"startAt":1771575283311,"status":"passed","title":"should be defined"},{"ancestorTitles":["AuthGateway","handleConnection"],"duration":4,"failing":false,"failureDetails":[],"failureMessages":[],"fullName":"AuthGateway handleConnection should disconnect if no cookies are present","invocations":1,"location":null,"numPassingAsserts":1,"retryReasons":[],"startAt":1771575283343,"status":"passed","title":"should disconnect if no cookies are present"},{"ancestorTitles":["AuthGateway","handleConnection"],"duration":2,"failing":false,"failureDetails":[],"failureMessages":[],"fullName":"AuthGateway handleConnection should disconnect if access_token cookie is missing","invocations":1,"location":null,"numPassingAsserts":1,"retryReasons":[],"startAt":1771575283347,"status":"passed","title":"should disconnect if access_token cookie is missing"},{"ancestorTitles":["AuthGateway","handleConnection"],"duration":4,"failing":false,"failureDetails":[],"failureMessages":[],"fullName":"AuthGateway handleConnection should authenticate and join room on valid token","invocations":1,"location":null,"numPassingAsserts":3,"retryReasons":[],"startAt":1771575283350,"status":"passed","title":"should authenticate and join room on valid token"},{"ancestorTitles":["AuthGateway","handleConnection"],"duration":2,"failing":false,"failureDetails":[],"failureMessages":[],"fullName":"AuthGateway handleConnection should disconnect on JWT verification failure","invocations":1,"location":null,"numPassingAsserts":1,"retryReasons":[],"startAt":1771575283354,"status":"passed","title":"should disconnect on JWT verification failure"},{"ancestorTitles":["AuthGateway","handleDisconnect"],"duration":8,"failing":false,"failureDetails":[],"failureMessages":[],"fullName":"AuthGateway handleDisconnect should handle disconnect for authenticated user","invocations":1,"location":null,"numPassingAsserts":1,"retryReasons":[],"startAt":1771575283356,"status":"passed","title":"should handle disconnect for authenticated user"},{"ancestorTitles":["AuthGateway","handleDisconnect"],"duration":2,"failing":false,"failureDetails":[],"failureMessages":[],"fullName":"AuthGateway handleDisconnect should log warning if userId is missing on disconnect","invocations":1,"location":null,"numPassingAsserts":1,"retryReasons":[],"startAt":1771575283364,"status":"passed","title":"should log warning if userId is missing on disconnect"},{"ancestorTitles":["AuthGateway","emitTokenExpiring"],"duration":2,"failing":false,"failureDetails":[],"failureMessages":[],"fullName":"AuthGateway emitTokenExpiring should emit TOKEN_EXPIRING event to user room","invocations":1,"location":null,"numPassingAsserts":2,"retryReasons":[],"startAt":1771575283366,"status":"passed","title":"should emit TOKEN_EXPIRING event to user room"}],"endTime":1771575283370,"message":"","name":"C:\\dev\\zsolt-pet\\src\\auth\\auth.gateway.spec.ts","startTime":1771575281082,"status":"passed","summary":""},{"assertionResults":[{"ancestorTitles":["TokenExpiryService"],"duration":31,"failing":false,"failureDetails":[],"failureMessages":[],"fullName":"TokenExpiryService should be defined","invocations":1,"location":null,"numPassingAsserts":1,"retryReasons":[],"startAt":1771575283333,"status":"passed","title":"should be defined"},{"ancestorTitles":["TokenExpiryService","scheduleTokenExpiryWarning"],"duration":7,"failing":false,"failureDetails":[],"failureMessages":[],"fullName":"TokenExpiryService scheduleTokenExpiryWarning should schedule a warning and emit event when timeout expires","invocations":1,"location":null,"numPassingAsserts":2,"retryReasons":[],"startAt":1771575283365,"status":"passed","title":"should schedule a warning and emit event when timeout expires"},{"ancestorTitles":["TokenExpiryService","scheduleTokenExpiryWarning"],"duration":4,"failing":false,"failureDetails":[],"failureMessages":[],"fullName":"TokenExpiryService scheduleTokenExpiryWarning should clear existing timeout when scheduling a new one","invocations":1,"location":null,"numPassingAsserts":1,"retryReasons":[],"startAt":1771575283372,"status":"passed","title":"should clear existing timeout when scheduling a new one"},{"ancestorTitles":["TokenExpiryService","scheduleTokenExpiryWarning"],"duration":3,"failing":false,"failureDetails":[],"failureMessages":[],"fullName":"TokenExpiryService scheduleTokenExpiryWarning should use TOKEN_WARNING_DELAY_MS if provided","invocations":1,"location":null,"numPassingAsserts":2,"retryReasons":[],"startAt":1771575283376,"status":"passed","title":"should use TOKEN_WARNING_DELAY_MS if provided"},{"ancestorTitles":["TokenExpiryService","scheduleTokenExpiryWarning"],"duration":3,"failing":false,"failureDetails":[],"failureMessages":[],"fullName":"TokenExpiryService scheduleTokenExpiryWarning should skip scheduling if warningDelay <= 0","invocations":1,"location":null,"numPassingAsserts":1,"retryReasons":[],"startAt":1771575283379,"status":"passed","title":"should skip scheduling if warningDelay <= 0"}],"endTime":1771575283384,"message":"","name":"C:\\dev\\zsolt-pet\\src\\auth\\token-expiry.service.spec.ts","startTime":1771575281119,"status":"passed","summary":""},{"assertionResults":[{"ancestorTitles":["RolesGuard"],"duration":7,"failing":false,"failureDetails":[],"failureMessages":[],"fullName":"RolesGuard allows when route has no role metadata","invocations":1,"location":null,"numPassingAsserts":1,"retryReasons":[],"startAt":1771575283584,"status":"passed","title":"allows when route has no role metadata"},{"ancestorTitles":["RolesGuard"],"duration":1,"failing":false,"failureDetails":[],"failureMessages":[],"fullName":"RolesGuard allows when user has required role","invocations":1,"location":null,"numPassingAsserts":1,"retryReasons":[],"startAt":1771575283592,"status":"passed","title":"allows when user has required role"},{"ancestorTitles":["RolesGuard"],"duration":12,"failing":false,"failureDetails":[],"failureMessages":[],"fullName":"RolesGuard throws ForbiddenException when user role is insufficient","invocations":1,"location":null,"numPassingAsserts":1,"retryReasons":[],"startAt":1771575283593,"status":"passed","title":"throws ForbiddenException when user role is insufficient"},{"ancestorTitles":["RolesGuard"],"duration":3,"failing":false,"failureDetails":[],"failureMessages":[],"fullName":"RolesGuard throws ForbiddenException when request has no user","invocations":1,"location":null,"numPassingAsserts":1,"retryReasons":[],"startAt":1771575283606,"status":"passed","title":"throws ForbiddenException when request has no user"}],"endTime":1771575283611,"message":"","name":"C:\\dev\\zsolt-pet\\src\\auth\\roles.guard.spec.ts","startTime":1771575281111,"status":"passed","summary":""},{"assertionResults":[{"ancestorTitles":["TodosService","findAll"],"duration":44,"failing":false,"failureDetails":[],"failureMessages":[],"fullName":"TodosService findAll returns non-deleted todos","invocations":1,"location":null,"numPassingAsserts":2,"retryReasons":[],"startAt":1771575283779,"status":"passed","title":"returns non-deleted todos"},{"ancestorTitles":["TodosService","findAll"],"duration":9,"failing":false,"failureDetails":[],"failureMessages":[],"fullName":"TodosService findAll filters completed=true","invocations":1,"location":null,"numPassingAsserts":2,"retryReasons":[],"startAt":1771575283824,"status":"passed","title":"filters completed=true"},{"ancestorTitles":["TodosService","findAll"],"duration":4,"failing":false,"failureDetails":[],"failureMessages":[],"fullName":"TodosService findAll throws BadRequest for invalid userId","invocations":1,"location":null,"numPassingAsserts":1,"retryReasons":[],"startAt":1771575283833,"status":"passed","title":"throws BadRequest for invalid userId"},{"ancestorTitles":["TodosService","findOne"],"duration":4,"failing":false,"failureDetails":[],"failureMessages":[],"fullName":"TodosService findOne returns todo when found","invocations":1,"location":null,"numPassingAsserts":2,"retryReasons":[],"startAt":1771575283837,"status":"passed","title":"returns todo when found"},{"ancestorTitles":["TodosService","findOne"],"duration":3,"failing":false,"failureDetails":[],"failureMessages":[],"fullName":"TodosService findOne throws NotFoundException when missing","invocations":1,"location":null,"numPassingAsserts":1,"retryReasons":[],"startAt":1771575283841,"status":"passed","title":"throws NotFoundException when missing"},{"ancestorTitles":["TodosService","findOne"],"duration":3,"failing":false,"failureDetails":[],"failureMessages":[],"fullName":"TodosService findOne throws BadRequest for invalid ids","invocations":1,"location":null,"numPassingAsserts":1,"retryReasons":[],"startAt":1771575283844,"status":"passed","title":"throws BadRequest for invalid ids"},{"ancestorTitles":["TodosService","create"],"duration":4,"failing":false,"failureDetails":[],"failureMessages":[],"fullName":"TodosService create creates and returns todo","invocations":1,"location":null,"numPassingAsserts":3,"retryReasons":[],"startAt":1771575283847,"status":"passed","title":"creates and returns todo"},{"ancestorTitles":["TodosService","create"],"duration":2,"failing":false,"failureDetails":[],"failureMessages":[],"fullName":"TodosService create throws BadRequest for invalid userId","invocations":1,"location":null,"numPassingAsserts":1,"retryReasons":[],"startAt":1771575283851,"status":"passed","title":"throws BadRequest for invalid userId"},{"ancestorTitles":["TodosService","update"],"duration":3,"failing":false,"failureDetails":[],"failureMessages":[],"fullName":"TodosService update updates and returns todo","invocations":1,"location":null,"numPassingAsserts":3,"retryReasons":[],"startAt":1771575283854,"status":"passed","title":"updates and returns todo"},{"ancestorTitles":["TodosService","update"],"duration":2,"failing":false,"failureDetails":[],"failureMessages":[],"fullName":"TodosService update throws NotFoundException when missing","invocations":1,"location":null,"numPassingAsserts":1,"retryReasons":[],"startAt":1771575283857,"status":"passed","title":"throws NotFoundException when missing"},{"ancestorTitles":["TodosService","delete"],"duration":2,"failing":false,"failureDetails":[],"failureMessages":[],"fullName":"TodosService delete soft deletes todo","invocations":1,"location":null,"numPassingAsserts":1,"retryReasons":[],"startAt":1771575283859,"status":"passed","title":"soft deletes todo"},{"ancestorTitles":["TodosService","deleteTodosByUser"],"duration":3,"failing":false,"failureDetails":[],"failureMessages":[],"fullName":"TodosService deleteTodosByUser soft deletes all todos of user","invocations":1,"location":null,"numPassingAsserts":1,"retryReasons":[],"startAt":1771575283861,"status":"passed","title":"soft deletes all todos of user"},{"ancestorTitles":["TodosService","deleteTodosByUser"],"duration":2,"failing":false,"failureDetails":[],"failureMessages":[],"fullName":"TodosService deleteTodosByUser throws BadRequest for invalid userId","invocations":1,"location":null,"numPassingAsserts":1,"retryReasons":[],"startAt":1771575283864,"status":"passed","title":"throws BadRequest for invalid userId"},{"ancestorTitles":["TodosService","countTodosByUser"],"duration":2,"failing":false,"failureDetails":[],"failureMessages":[],"fullName":"TodosService countTodosByUser counts non-deleted todos","invocations":1,"location":null,"numPassingAsserts":1,"retryReasons":[],"startAt":1771575283867,"status":"passed","title":"counts non-deleted todos"},{"ancestorTitles":["TodosService","getLast14DaysStats"],"duration":7,"failing":false,"failureDetails":[],"failureMessages":[],"fullName":"TodosService getLast14DaysStats returns 14-day buckets and applies aggregation counts","invocations":1,"location":null,"numPassingAsserts":11,"retryReasons":[],"startAt":1771575283869,"status":"passed","title":"returns 14-day buckets and applies aggregation counts"}],"endTime":1771575283878,"message":"","name":"C:\\dev\\zsolt-pet\\src\\todos\\todos.service.spec.ts","startTime":1771575281107,"status":"passed","summary":""},{"assertionResults":[{"ancestorTitles":["AppController","root"],"duration":5,"failing":false,"failureDetails":[],"failureMessages":[],"fullName":"AppController root should return \"Hello World!\"","invocations":1,"location":null,"numPassingAsserts":1,"retryReasons":[],"startAt":1771575283922,"status":"passed","title":"should return \"Hello World!\""},{"ancestorTitles":["AppController","test-redis"],"duration":3,"failing":false,"failureDetails":[],"failureMessages":[],"fullName":"AppController test-redis should return \"Redis test completed\"","invocations":1,"location":null,"numPassingAsserts":2,"retryReasons":[],"startAt":1771575283927,"status":"passed","title":"should return \"Redis test completed\""}],"endTime":1771575283930,"message":"","name":"C:\\dev\\zsolt-pet\\src\\app.controller.spec.ts","startTime":1771575283424,"status":"passed","summary":""},{"assertionResults":[{"ancestorTitles":["AppService"],"duration":13,"failing":false,"failureDetails":[],"failureMessages":[],"fullName":"AppService should be defined","invocations":1,"location":null,"numPassingAsserts":1,"retryReasons":[],"startAt":1771575284127,"status":"passed","title":"should be defined"},{"ancestorTitles":["AppService","getHello"],"duration":3,"failing":false,"failureDetails":[],"failureMessages":[],"fullName":"AppService getHello should return \"Hello World!\"","invocations":1,"location":null,"numPassingAsserts":1,"retryReasons":[],"startAt":1771575284140,"status":"passed","title":"should return \"Hello World!\""},{"ancestorTitles":["AppService","testRedis"],"duration":14,"failing":false,"failureDetails":[],"failureMessages":[],"fullName":"AppService testRedis should set and get a value from cacheManager","invocations":1,"location":null,"numPassingAsserts":2,"retryReasons":[],"startAt":1771575284143,"status":"passed","title":"should set and get a value from cacheManager"}],"endTime":1771575284157,"message":"","name":"C:\\dev\\zsolt-pet\\src\\app.service.spec.ts","startTime":1771575283630,"status":"passed","summary":""},{"assertionResults":[{"ancestorTitles":["AdminService","deleteUser"],"duration":43,"failing":false,"failureDetails":[],"failureMessages":[],"fullName":"AdminService deleteUser should delete user when found and not admin","invocations":1,"location":null,"numPassingAsserts":3,"retryReasons":[],"startAt":1771575284031,"status":"passed","title":"should delete user when found and not admin"},{"ancestorTitles":["AdminService","deleteUser"],"duration":4,"failing":false,"failureDetails":[],"failureMessages":[],"fullName":"AdminService deleteUser should throw NotFoundException if user not found","invocations":1,"location":null,"numPassingAsserts":1,"retryReasons":[],"startAt":1771575284076,"status":"passed","title":"should throw NotFoundException if user not found"},{"ancestorTitles":["AdminService","deleteUser"],"duration":3,"failing":false,"failureDetails":[],"failureMessages":[],"fullName":"AdminService deleteUser should throw ForbiddenException if user is admin","invocations":1,"location":null,"numPassingAsserts":1,"retryReasons":[],"startAt":1771575284080,"status":"passed","title":"should throw ForbiddenException if user is admin"},{"ancestorTitles":["AdminService","promoteToAdmin"],"duration":4,"failing":false,"failureDetails":[],"failureMessages":[],"fullName":"AdminService promoteToAdmin should promote user to admin","invocations":1,"location":null,"numPassingAsserts":2,"retryReasons":[],"startAt":1771575284083,"status":"passed","title":"should promote user to admin"},{"ancestorTitles":["AdminService","promoteToAdmin"],"duration":22,"failing":false,"failureDetails":[],"failureMessages":[],"fullName":"AdminService promoteToAdmin should throw NotFoundException if user not found","invocations":1,"location":null,"numPassingAsserts":1,"retryReasons":[],"startAt":1771575284087,"status":"passed","title":"should throw NotFoundException if user not found"},{"ancestorTitles":["AdminService","promoteToAdmin"],"duration":3,"failing":false,"failureDetails":[],"failureMessages":[],"fullName":"AdminService promoteToAdmin should return user if already admin","invocations":1,"location":null,"numPassingAsserts":1,"retryReasons":[],"startAt":1771575284110,"status":"passed","title":"should return user if already admin"},{"ancestorTitles":["AdminService","demoteToUser"],"duration":10,"failing":false,"failureDetails":[],"failureMessages":[],"fullName":"AdminService demoteToUser should demote admin to user","invocations":1,"location":null,"numPassingAsserts":2,"retryReasons":[],"startAt":1771575284113,"status":"passed","title":"should demote admin to user"},{"ancestorTitles":["AdminService","demoteToUser"],"duration":3,"failing":false,"failureDetails":[],"failureMessages":[],"fullName":"AdminService demoteToUser should throw NotFoundException if user not found","invocations":1,"location":null,"numPassingAsserts":1,"retryReasons":[],"startAt":1771575284123,"status":"passed","title":"should throw NotFoundException if user not found"},{"ancestorTitles":["AdminService","demoteToUser"],"duration":2,"failing":false,"failureDetails":[],"failureMessages":[],"fullName":"AdminService demoteToUser should return user if already regular user","invocations":1,"location":null,"numPassingAsserts":1,"retryReasons":[],"startAt":1771575284126,"status":"passed","title":"should return user if already regular user"},{"ancestorTitles":["AdminService","getUserById"],"duration":2,"failing":false,"failureDetails":[],"failureMessages":[],"fullName":"AdminService getUserById should return user when found","invocations":1,"location":null,"numPassingAsserts":1,"retryReasons":[],"startAt":1771575284129,"status":"passed","title":"should return user when found"},{"ancestorTitles":["AdminService","getUserById"],"duration":3,"failing":false,"failureDetails":[],"failureMessages":[],"fullName":"AdminService getUserById should throw NotFoundException if not found","invocations":1,"location":null,"numPassingAsserts":1,"retryReasons":[],"startAt":1771575284131,"status":"passed","title":"should throw NotFoundException if not found"},{"ancestorTitles":["AdminService","getUsers"],"duration":3,"failing":false,"failureDetails":[],"failureMessages":[],"fullName":"AdminService getUsers should return cached users if available","invocations":1,"location":null,"numPassingAsserts":2,"retryReasons":[],"startAt":1771575284134,"status":"passed","title":"should return cached users if available"},{"ancestorTitles":["AdminService","getUsers"],"duration":3,"failing":false,"failureDetails":[],"failureMessages":[],"fullName":"AdminService getUsers should fetch from DB and cache if NOT available in cache","invocations":1,"location":null,"numPassingAsserts":3,"retryReasons":[],"startAt":1771575284137,"status":"passed","title":"should fetch from DB and cache if NOT available in cache"},{"ancestorTitles":["AdminService","getUsers"],"duration":2,"failing":false,"failureDetails":[],"failureMessages":[],"fullName":"AdminService getUsers should filter users by email using regex","invocations":1,"location":null,"numPassingAsserts":1,"retryReasons":[],"startAt":1771575284140,"status":"passed","title":"should filter users by email using regex"},{"ancestorTitles":["AdminService","getApplicationDetails"],"duration":15,"failing":false,"failureDetails":[],"failureMessages":[],"fullName":"AdminService getApplicationDetails should return aggregate stats","invocations":1,"location":null,"numPassingAsserts":2,"retryReasons":[],"startAt":1771575284142,"status":"passed","title":"should return aggregate stats"}],"endTime":1771575284159,"message":"","name":"C:\\dev\\zsolt-pet\\src\\admin\\admin.service.spec.ts","startTime":1771575281062,"status":"passed","summary":""},{"assertionResults":[{"ancestorTitles":["AdminController"],"duration":22,"failing":false,"failureDetails":[],"failureMessages":[],"fullName":"AdminController should be defined","invocations":1,"location":null,"numPassingAsserts":1,"retryReasons":[],"startAt":1771575284140,"status":"passed","title":"should be defined"},{"ancestorTitles":["AdminController","getUsers"],"duration":7,"failing":false,"failureDetails":[],"failureMessages":[],"fullName":"AdminController getUsers should return all users","invocations":1,"location":null,"numPassingAsserts":2,"retryReasons":[],"startAt":1771575284163,"status":"passed","title":"should return all users"},{"ancestorTitles":["AdminController","getUser"],"duration":4,"failing":false,"failureDetails":[],"failureMessages":[],"fullName":"AdminController getUser should return a user by id","invocations":1,"location":null,"numPassingAsserts":2,"retryReasons":[],"startAt":1771575284171,"status":"passed","title":"should return a user by id"},{"ancestorTitles":["AdminController","getUser"],"duration":12,"failing":false,"failureDetails":[],"failureMessages":[],"fullName":"AdminController getUser should throw NotFoundException if user not found","invocations":1,"location":null,"numPassingAsserts":1,"retryReasons":[],"startAt":1771575284175,"status":"passed","title":"should throw NotFoundException if user not found"},{"ancestorTitles":["AdminController","deleteUser"],"duration":5,"failing":false,"failureDetails":[],"failureMessages":[],"fullName":"AdminController deleteUser should delete a user if not self","invocations":1,"location":null,"numPassingAsserts":2,"retryReasons":[],"startAt":1771575284187,"status":"passed","title":"should delete a user if not self"},{"ancestorTitles":["AdminController","deleteUser"],"duration":2,"failing":false,"failureDetails":[],"failureMessages":[],"fullName":"AdminController deleteUser should throw ForbiddenException if trying to delete self","invocations":1,"location":null,"numPassingAsserts":1,"retryReasons":[],"startAt":1771575284193,"status":"passed","title":"should throw ForbiddenException if trying to delete self"},{"ancestorTitles":["AdminController","promoteUser"],"duration":3,"failing":false,"failureDetails":[],"failureMessages":[],"fullName":"AdminController promoteUser should promote a user to admin if not self","invocations":1,"location":null,"numPassingAsserts":2,"retryReasons":[],"startAt":1771575284195,"status":"passed","title":"should promote a user to admin if not self"},{"ancestorTitles":["AdminController","promoteUser"],"duration":2,"failing":false,"failureDetails":[],"failureMessages":[],"fullName":"AdminController promoteUser should throw ForbiddenException if trying to promote self","invocations":1,"location":null,"numPassingAsserts":1,"retryReasons":[],"startAt":1771575284198,"status":"passed","title":"should throw ForbiddenException if trying to promote self"},{"ancestorTitles":["AdminController","demoteUser"],"duration":3,"failing":false,"failureDetails":[],"failureMessages":[],"fullName":"AdminController demoteUser should demote a user to normal if not self","invocations":1,"location":null,"numPassingAsserts":2,"retryReasons":[],"startAt":1771575284201,"status":"passed","title":"should demote a user to normal if not self"},{"ancestorTitles":["AdminController","demoteUser"],"duration":4,"failing":false,"failureDetails":[],"failureMessages":[],"fullName":"AdminController demoteUser should throw ForbiddenException if trying to demote self","invocations":1,"location":null,"numPassingAsserts":1,"retryReasons":[],"startAt":1771575284205,"status":"passed","title":"should throw ForbiddenException if trying to demote self"},{"ancestorTitles":["AdminController","getApplicationDetails"],"duration":2,"failing":false,"failureDetails":[],"failureMessages":[],"fullName":"AdminController getApplicationDetails should return app details","invocations":1,"location":null,"numPassingAsserts":2,"retryReasons":[],"startAt":1771575284210,"status":"passed","title":"should return app details"}],"endTime":1771575284214,"message":"","name":"C:\\dev\\zsolt-pet\\src\\admin\\admin.controller.spec.ts","startTime":1771575281044,"status":"passed","summary":""},{"assertionResults":[{"ancestorTitles":["AuthService"],"duration":18,"failing":false,"failureDetails":[],"failureMessages":[],"fullName":"AuthService should be defined","invocations":1,"location":null,"numPassingAsserts":1,"retryReasons":[],"startAt":1771575284133,"status":"passed","title":"should be defined"},{"ancestorTitles":["AuthService","register"],"duration":6,"failing":false,"failureDetails":[],"failureMessages":[],"fullName":"AuthService register should register a new user","invocations":1,"location":null,"numPassingAsserts":3,"retryReasons":[],"startAt":1771575284152,"status":"passed","title":"should register a new user"},{"ancestorTitles":["AuthService","register"],"duration":29,"failing":false,"failureDetails":[],"failureMessages":[],"fullName":"AuthService register should throw ConflictException if user exists","invocations":1,"location":null,"numPassingAsserts":1,"retryReasons":[],"startAt":1771575284158,"status":"passed","title":"should throw ConflictException if user exists"},{"ancestorTitles":["AuthService","login"],"duration":4,"failing":false,"failureDetails":[{}],"failureMessages":["Error: \u001b[2mexpect(\u001b[22m\u001b[31mreceived\u001b[39m\u001b[2m).\u001b[22mtoHaveBeenCalled\u001b[2m()\u001b[22m\n\n\u001b[1mMatcher error\u001b[22m: \u001b[31mreceived\u001b[39m value must be a mock or spy function\n\nReceived has type:  function\nReceived has value: \u001b[31m[Function bound mockConstructor]\u001b[39m\n    at Object.<anonymous> (C:\\dev\\zsolt-pet\\src\\auth\\auth.service.spec.ts:158:27)\n    at processTicksAndRejections (node:internal/process/task_queues:105:5)"],"fullName":"AuthService login should login a user with valid credentials","invocations":1,"location":null,"numPassingAsserts":2,"retryReasons":[],"startAt":1771575284188,"status":"failed","title":"should login a user with valid credentials"},{"ancestorTitles":["AuthService","login"],"duration":4,"failing":false,"failureDetails":[],"failureMessages":[],"fullName":"AuthService login should warn if exp is missing in token during login","invocations":1,"location":null,"numPassingAsserts":1,"retryReasons":[],"startAt":1771575284192,"status":"passed","title":"should warn if exp is missing in token during login"},{"ancestorTitles":["AuthService","login"],"duration":2,"failing":false,"failureDetails":[],"failureMessages":[],"fullName":"AuthService login should throw UnauthorizedException for invalid credentials","invocations":1,"location":null,"numPassingAsserts":1,"retryReasons":[],"startAt":1771575284196,"status":"passed","title":"should throw UnauthorizedException for invalid credentials"},{"ancestorTitles":["AuthService","logout"],"duration":3,"failing":false,"failureDetails":[],"failureMessages":[],"fullName":"AuthService logout should delete refresh tokens for the user","invocations":1,"location":null,"numPassingAsserts":2,"retryReasons":[],"startAt":1771575284198,"status":"passed","title":"should delete refresh tokens for the user"},{"ancestorTitles":["AuthService","logout"],"duration":2,"failing":false,"failureDetails":[],"failureMessages":[],"fullName":"AuthService logout should log warning if unknown user logs out","invocations":1,"location":null,"numPassingAsserts":1,"retryReasons":[],"startAt":1771575284201,"status":"passed","title":"should log warning if unknown user logs out"},{"ancestorTitles":["AuthService","refreshTokens"],"duration":4,"failing":false,"failureDetails":[],"failureMessages":[],"fullName":"AuthService refreshTokens should return new tokens for valid refresh token","invocations":1,"location":null,"numPassingAsserts":3,"retryReasons":[],"startAt":1771575284203,"status":"passed","title":"should return new tokens for valid refresh token"},{"ancestorTitles":["AuthService","refreshTokens"],"duration":3,"failing":false,"failureDetails":[],"failureMessages":[],"fullName":"AuthService refreshTokens should warn if exp is missing in token during refresh","invocations":1,"location":null,"numPassingAsserts":1,"retryReasons":[],"startAt":1771575284207,"status":"passed","title":"should warn if exp is missing in token during refresh"},{"ancestorTitles":["AuthService","refreshTokens"],"duration":4,"failing":false,"failureDetails":[],"failureMessages":[],"fullName":"AuthService refreshTokens should throw if refresh token is missing","invocations":1,"location":null,"numPassingAsserts":1,"retryReasons":[],"startAt":1771575284210,"status":"passed","title":"should throw if refresh token is missing"},{"ancestorTitles":["AuthService","refreshTokens"],"duration":2,"failing":false,"failureDetails":[],"failureMessages":[],"fullName":"AuthService refreshTokens should throw if refresh token format is invalid","invocations":1,"location":null,"numPassingAsserts":1,"retryReasons":[],"startAt":1771575284214,"status":"passed","title":"should throw if refresh token format is invalid"},{"ancestorTitles":["AuthService","refreshTokens"],"duration":2,"failing":false,"failureDetails":[],"failureMessages":[],"fullName":"AuthService refreshTokens should throw if refresh token is not found in db","invocations":1,"location":null,"numPassingAsserts":1,"retryReasons":[],"startAt":1771575284216,"status":"passed","title":"should throw if refresh token is not found in db"},{"ancestorTitles":["AuthService","refreshTokens"],"duration":3,"failing":false,"failureDetails":[],"failureMessages":[],"fullName":"AuthService refreshTokens should throw if refresh token hash mismatch","invocations":1,"location":null,"numPassingAsserts":1,"retryReasons":[],"startAt":1771575284218,"status":"passed","title":"should throw if refresh token hash mismatch"},{"ancestorTitles":["AuthService","refreshTokens"],"duration":3,"failing":false,"failureDetails":[],"failureMessages":[],"fullName":"AuthService refreshTokens should throw if user associated with token is not found","invocations":1,"location":null,"numPassingAsserts":1,"retryReasons":[],"startAt":1771575284221,"status":"passed","title":"should throw if user associated with token is not found"}],"endTime":1771575284245,"message":"\u001b[1m\u001b[31m  \u001b[1m● \u001b[22m\u001b[1mAuthService › login › should login a user with valid credentials\u001b[39m\u001b[22m\n\n    \u001b[2mexpect(\u001b[22m\u001b[31mreceived\u001b[39m\u001b[2m).\u001b[22mtoHaveBeenCalled\u001b[2m()\u001b[22m\n\n    \u001b[1mMatcher error\u001b[22m: \u001b[31mreceived\u001b[39m value must be a mock or spy function\n\n    Received has type:  function\n    Received has value: \u001b[31m[Function bound mockConstructor]\u001b[39m\n\u001b[2m\u001b[22m\n\u001b[2m    \u001b[0m \u001b[90m 156 |\u001b[39m       expect(result)\u001b[33m.\u001b[39mtoBeDefined()\u001b[33m;\u001b[39m\u001b[22m\n\u001b[2m     \u001b[90m 157 |\u001b[39m       expect(result\u001b[33m.\u001b[39maccess_token)\u001b[33m.\u001b[39mtoBe(\u001b[32m'access-token'\u001b[39m)\u001b[33m;\u001b[39m\u001b[22m\n\u001b[2m    \u001b[31m\u001b[1m>\u001b[22m\u001b[2m\u001b[39m\u001b[90m 158 |\u001b[39m       expect(scheduleSpy)\u001b[33m.\u001b[39mtoHaveBeenCalled()\u001b[33m;\u001b[39m\u001b[22m\n\u001b[2m     \u001b[90m     |\u001b[39m                           \u001b[31m\u001b[1m^\u001b[22m\u001b[2m\u001b[39m\u001b[22m\n\u001b[2m     \u001b[90m 159 |\u001b[39m     })\u001b[33m;\u001b[39m\u001b[22m\n\u001b[2m     \u001b[90m 160 |\u001b[39m\u001b[22m\n\u001b[2m     \u001b[90m 161 |\u001b[39m     it(\u001b[32m'should warn if exp is missing in token during login'\u001b[39m\u001b[33m,\u001b[39m \u001b[36masync\u001b[39m () \u001b[33m=>\u001b[39m {\u001b[0m\u001b[22m\n\u001b[2m\u001b[22m\n\u001b[2m      \u001b[2mat Object.<anonymous> (\u001b[22m\u001b[2m\u001b[0m\u001b[36mauth/auth.service.spec.ts\u001b[39m\u001b[0m\u001b[2m:158:27)\u001b[22m\u001b[2m\u001b[22m\n","name":"C:\\dev\\zsolt-pet\\src\\auth\\auth.service.spec.ts","startTime":1771575281085,"status":"failed","summary":""},{"assertionResults":[{"ancestorTitles":["StreamController","streamVideo"],"duration":41,"failing":false,"failureDetails":[],"failureMessages":[],"fullName":"StreamController streamVideo should throw NotFoundException if file does not exist","invocations":1,"location":null,"numPassingAsserts":1,"retryReasons":[],"startAt":1771575284284,"status":"passed","title":"should throw NotFoundException if file does not exist"},{"ancestorTitles":["StreamController","streamVideo"],"duration":5,"failing":false,"failureDetails":[],"failureMessages":[],"fullName":"StreamController streamVideo should throw BadRequestException if range header is missing","invocations":1,"location":null,"numPassingAsserts":1,"retryReasons":[],"startAt":1771575284326,"status":"passed","title":"should throw BadRequestException if range header is missing"},{"ancestorTitles":["StreamController","streamVideo"],"duration":6,"failing":false,"failureDetails":[{}],"failureMessages":["Error: \u001b[2mexpect(\u001b[22m\u001b[31mreceived\u001b[39m\u001b[2m).\u001b[22mtoHaveBeenCalledWith\u001b[2m(\u001b[22m\u001b[32m...expected\u001b[39m\u001b[2m)\u001b[22m\n\n\u001b[1mMatcher error\u001b[22m: \u001b[31mreceived\u001b[39m value must be a mock or spy function\n\nReceived has type:  function\nReceived has value: \u001b[31m[Function bound mockConstructor]\u001b[39m\n    at Object.<anonymous> (C:\\dev\\zsolt-pet\\src\\stream\\stream.controller.spec.ts:53:28)\n    at Promise.finally.completed (C:\\dev\\zsolt-pet\\node_modules\\jest-circus\\build\\jestAdapterInit.js:1557:28)\n    at new Promise (<anonymous>)\n    at callAsyncCircusFn (C:\\dev\\zsolt-pet\\node_modules\\jest-circus\\build\\jestAdapterInit.js:1497:10)\n    at _callCircusTest (C:\\dev\\zsolt-pet\\node_modules\\jest-circus\\build\\jestAdapterInit.js:1007:40)\n    at processTicksAndRejections (node:internal/process/task_queues:105:5)\n    at _runTest (C:\\dev\\zsolt-pet\\node_modules\\jest-circus\\build\\jestAdapterInit.js:947:3)\n    at C:\\dev\\zsolt-pet\\node_modules\\jest-circus\\build\\jestAdapterInit.js:849:7\n    at _runTestsForDescribeBlock (C:\\dev\\zsolt-pet\\node_modules\\jest-circus\\build\\jestAdapterInit.js:862:11)\n    at _runTestsForDescribeBlock (C:\\dev\\zsolt-pet\\node_modules\\jest-circus\\build\\jestAdapterInit.js:857:11)\n    at _runTestsForDescribeBlock (C:\\dev\\zsolt-pet\\node_modules\\jest-circus\\build\\jestAdapterInit.js:857:11)\n    at run (C:\\dev\\zsolt-pet\\node_modules\\jest-circus\\build\\jestAdapterInit.js:761:3)\n    at runAndTransformResultsToJestFormat (C:\\dev\\zsolt-pet\\node_modules\\jest-circus\\build\\jestAdapterInit.js:1918:21)\n    at jestAdapter (C:\\dev\\zsolt-pet\\node_modules\\jest-circus\\build\\runner.js:101:19)\n    at runTestInternal (C:\\dev\\zsolt-pet\\node_modules\\jest-runner\\build\\testWorker.js:275:16)\n    at runTest (C:\\dev\\zsolt-pet\\node_modules\\jest-runner\\build\\testWorker.js:343:7)\n    at Object.worker (C:\\dev\\zsolt-pet\\node_modules\\jest-runner\\build\\testWorker.js:497:12)"],"fullName":"StreamController streamVideo should stream video with partial content","invocations":1,"location":null,"numPassingAsserts":0,"retryReasons":[],"startAt":1771575284331,"status":"failed","title":"should stream video with partial content"},{"ancestorTitles":["StreamController","deleteVideo"],"duration":4,"failing":false,"failureDetails":[],"failureMessages":[],"fullName":"StreamController deleteVideo should throw NotFoundException if video does not exist","invocations":1,"location":null,"numPassingAsserts":1,"retryReasons":[],"startAt":1771575284338,"status":"passed","title":"should throw NotFoundException if video does not exist"},{"ancestorTitles":["StreamController","deleteVideo"],"duration":3,"failing":false,"failureDetails":[],"failureMessages":[],"fullName":"StreamController deleteVideo should delete video if it exists","invocations":1,"location":null,"numPassingAsserts":2,"retryReasons":[],"startAt":1771575284342,"status":"passed","title":"should delete video if it exists"},{"ancestorTitles":["StreamController","getVideoList"],"duration":4,"failing":false,"failureDetails":[],"failureMessages":[],"fullName":"StreamController getVideoList should return empty list if media directory does not exist","invocations":1,"location":null,"numPassingAsserts":1,"retryReasons":[],"startAt":1771575284345,"status":"passed","title":"should return empty list if media directory does not exist"},{"ancestorTitles":["StreamController","getVideoList"],"duration":13,"failing":false,"failureDetails":[],"failureMessages":[],"fullName":"StreamController getVideoList should return list of videos","invocations":1,"location":null,"numPassingAsserts":2,"retryReasons":[],"startAt":1771575284349,"status":"passed","title":"should return list of videos"},{"ancestorTitles":["StreamController","uploadVideo"],"duration":3,"failing":false,"failureDetails":[],"failureMessages":[],"fullName":"StreamController uploadVideo should throw BadRequestException if no file is uploaded","invocations":1,"location":null,"numPassingAsserts":1,"retryReasons":[],"startAt":1771575284362,"status":"passed","title":"should throw BadRequestException if no file is uploaded"},{"ancestorTitles":["StreamController","uploadVideo"],"duration":3,"failing":false,"failureDetails":[],"failureMessages":[],"fullName":"StreamController uploadVideo should upload video and create media directory if it does not exist","invocations":1,"location":null,"numPassingAsserts":3,"retryReasons":[],"startAt":1771575284365,"status":"passed","title":"should upload video and create media directory if it does not exist"}],"endTime":1771575284386,"message":"\u001b[1m\u001b[31m  \u001b[1m● \u001b[22m\u001b[1mStreamController › streamVideo › should stream video with partial content\u001b[39m\u001b[22m\n\n    \u001b[2mexpect(\u001b[22m\u001b[31mreceived\u001b[39m\u001b[2m).\u001b[22mtoHaveBeenCalledWith\u001b[2m(\u001b[22m\u001b[32m...expected\u001b[39m\u001b[2m)\u001b[22m\n\n    \u001b[1mMatcher error\u001b[22m: \u001b[31mreceived\u001b[39m value must be a mock or spy function\n\n    Received has type:  function\n    Received has value: \u001b[31m[Function bound mockConstructor]\u001b[39m\n\u001b[2m\u001b[22m\n\u001b[2m    \u001b[0m \u001b[90m 51 |\u001b[39m\u001b[22m\n\u001b[2m     \u001b[90m 52 |\u001b[39m       \u001b[36mconst\u001b[39m writeHeadSpy \u001b[33m=\u001b[39m mockResponse\u001b[33m.\u001b[39mwriteHead\u001b[33m.\u001b[39mbind(mockResponse)\u001b[33m;\u001b[39m\u001b[22m\n\u001b[2m    \u001b[31m\u001b[1m>\u001b[22m\u001b[2m\u001b[39m\u001b[90m 53 |\u001b[39m       expect(writeHeadSpy)\u001b[33m.\u001b[39mtoHaveBeenCalledWith(\u001b[22m\n\u001b[2m     \u001b[90m    |\u001b[39m                            \u001b[31m\u001b[1m^\u001b[22m\u001b[2m\u001b[39m\u001b[22m\n\u001b[2m     \u001b[90m 54 |\u001b[39m         \u001b[35m206\u001b[39m\u001b[33m,\u001b[39m\u001b[22m\n\u001b[2m     \u001b[90m 55 |\u001b[39m         expect\u001b[33m.\u001b[39mobjectContaining({\u001b[22m\n\u001b[2m     \u001b[90m 56 |\u001b[39m           \u001b[32m'Content-Range'\u001b[39m\u001b[33m:\u001b[39m \u001b[32m'bytes 0-100/1000'\u001b[39m\u001b[33m,\u001b[39m\u001b[0m\u001b[22m\n\u001b[2m\u001b[22m\n\u001b[2m      \u001b[2mat Object.<anonymous> (\u001b[22m\u001b[2m\u001b[0m\u001b[36mstream/stream.controller.spec.ts\u001b[39m\u001b[0m\u001b[2m:53:28)\u001b[22m\u001b[2m\u001b[22m\n","name":"C:\\dev\\zsolt-pet\\src\\stream\\stream.controller.spec.ts","startTime":1771575281087,"status":"failed","summary":""},{"assertionResults":[{"ancestorTitles":["TodosController","findAll"],"duration":26,"failing":false,"failureDetails":[],"failureMessages":[],"fullName":"TodosController findAll returns all non-deleted todos for user when no query","invocations":1,"location":null,"numPassingAsserts":3,"retryReasons":[],"startAt":1771575284391,"status":"passed","title":"returns all non-deleted todos for user when no query"},{"ancestorTitles":["TodosController","findAll"],"duration":4,"failing":false,"failureDetails":[],"failureMessages":[],"fullName":"TodosController findAll filters by completed=true","invocations":1,"location":null,"numPassingAsserts":3,"retryReasons":[],"startAt":1771575284418,"status":"passed","title":"filters by completed=true"},{"ancestorTitles":["TodosController","findAll"],"duration":4,"failing":false,"failureDetails":[],"failureMessages":[],"fullName":"TodosController findAll filters by completed=false","invocations":1,"location":null,"numPassingAsserts":2,"retryReasons":[],"startAt":1771575284422,"status":"passed","title":"filters by completed=false"},{"ancestorTitles":["TodosController","findOne"],"duration":3,"failing":false,"failureDetails":[],"failureMessages":[],"fullName":"TodosController findOne returns a todo when found","invocations":1,"location":null,"numPassingAsserts":3,"retryReasons":[],"startAt":1771575284426,"status":"passed","title":"returns a todo when found"},{"ancestorTitles":["TodosController","findOne"],"duration":3,"failing":false,"failureDetails":[],"failureMessages":[],"fullName":"TodosController findOne returns null when not found","invocations":1,"location":null,"numPassingAsserts":2,"retryReasons":[],"startAt":1771575284429,"status":"passed","title":"returns null when not found"},{"ancestorTitles":["TodosController","create"],"duration":3,"failing":false,"failureDetails":[],"failureMessages":[],"fullName":"TodosController create creates and returns new todo","invocations":1,"location":null,"numPassingAsserts":3,"retryReasons":[],"startAt":1771575284432,"status":"passed","title":"creates and returns new todo"},{"ancestorTitles":["TodosController","update"],"duration":3,"failing":false,"failureDetails":[],"failureMessages":[],"fullName":"TodosController update updates existing todo","invocations":1,"location":null,"numPassingAsserts":2,"retryReasons":[],"startAt":1771575284435,"status":"passed","title":"updates existing todo"},{"ancestorTitles":["TodosController","delete"],"duration":3,"failing":false,"failureDetails":[],"failureMessages":[],"fullName":"TodosController delete soft deletes a todo","invocations":1,"location":null,"numPassingAsserts":3,"retryReasons":[],"startAt":1771575284438,"status":"passed","title":"soft deletes a todo"},{"ancestorTitles":["TodosController","getLast14DaysStats"],"duration":3,"failing":false,"failureDetails":[],"failureMessages":[],"fullName":"TodosController getLast14DaysStats returns stats from service","invocations":1,"location":null,"numPassingAsserts":2,"retryReasons":[],"startAt":1771575284441,"status":"passed","title":"returns stats from service"},{"ancestorTitles":["TodosController","getLast14DaysStats metadata"],"duration":2,"failing":false,"failureDetails":[],"failureMessages":[],"fullName":"TodosController getLast14DaysStats metadata requires admin role","invocations":1,"location":null,"numPassingAsserts":2,"retryReasons":[],"startAt":1771575284445,"status":"passed","title":"requires admin role"},{"ancestorTitles":["TodosController","getLast14DaysStats metadata"],"duration":3,"failing":false,"failureDetails":[],"failureMessages":[],"fullName":"TodosController getLast14DaysStats metadata uses JwtAuthGuard and RolesGuard","invocations":1,"location":null,"numPassingAsserts":2,"retryReasons":[],"startAt":1771575284447,"status":"passed","title":"uses JwtAuthGuard and RolesGuard"}],"endTime":1771575284451,"message":"","name":"C:\\dev\\zsolt-pet\\src\\todos\\todos.controller.spec.ts","startTime":1771575281078,"status":"passed","summary":""},{"assertionResults":[{"ancestorTitles":["JwtStrategy"],"duration":6,"failing":false,"failureDetails":[],"failureMessages":[],"fullName":"JwtStrategy should be defined","invocations":1,"location":null,"numPassingAsserts":1,"retryReasons":[],"startAt":1771575284593,"status":"passed","title":"should be defined"},{"ancestorTitles":["JwtStrategy","validate"],"duration":2,"failing":false,"failureDetails":[],"failureMessages":[],"fullName":"JwtStrategy validate should return user info from payload","invocations":1,"location":null,"numPassingAsserts":1,"retryReasons":[],"startAt":1771575284599,"status":"passed","title":"should return user info from payload"},{"ancestorTitles":["JwtStrategy","cookieExtractor"],"duration":2,"failing":false,"failureDetails":[],"failureMessages":[],"fullName":"JwtStrategy cookieExtractor should initialize without error","invocations":1,"location":null,"numPassingAsserts":1,"retryReasons":[],"startAt":1771575284601,"status":"passed","title":"should initialize without error"}],"endTime":1771575284604,"message":"","name":"C:\\dev\\zsolt-pet\\src\\auth\\jwt.strategy.spec.ts","startTime":1771575283436,"status":"passed","summary":""},{"assertionResults":[{"ancestorTitles":["AuthController"],"duration":22,"failing":false,"failureDetails":[],"failureMessages":[],"fullName":"AuthController should be defined","invocations":1,"location":null,"numPassingAsserts":1,"retryReasons":[],"startAt":1771575284597,"status":"passed","title":"should be defined"},{"ancestorTitles":["AuthController","register"],"duration":6,"failing":false,"failureDetails":[],"failureMessages":[],"fullName":"AuthController register should register a user and set cookies","invocations":1,"location":null,"numPassingAsserts":2,"retryReasons":[],"startAt":1771575284619,"status":"passed","title":"should register a user and set cookies"},{"ancestorTitles":["AuthController","login"],"duration":6,"failing":false,"failureDetails":[],"failureMessages":[],"fullName":"AuthController login should login a user and set cookies","invocations":1,"location":null,"numPassingAsserts":2,"retryReasons":[],"startAt":1771575284625,"status":"passed","title":"should login a user and set cookies"},{"ancestorTitles":["AuthController","refresh"],"duration":3,"failing":false,"failureDetails":[],"failureMessages":[],"fullName":"AuthController refresh should refresh tokens and update cookies","invocations":1,"location":null,"numPassingAsserts":2,"retryReasons":[],"startAt":1771575284631,"status":"passed","title":"should refresh tokens and update cookies"},{"ancestorTitles":["AuthController","logout"],"duration":5,"failing":false,"failureDetails":[],"failureMessages":[],"fullName":"AuthController logout should call logout and clear cookies","invocations":1,"location":null,"numPassingAsserts":3,"retryReasons":[],"startAt":1771575284634,"status":"passed","title":"should call logout and clear cookies"},{"ancestorTitles":["AuthController","getCsrfToken"],"duration":3,"failing":false,"failureDetails":[],"failureMessages":[],"fullName":"AuthController getCsrfToken should return csrf token from request","invocations":1,"location":null,"numPassingAsserts":2,"retryReasons":[],"startAt":1771575284640,"status":"passed","title":"should return csrf token from request"},{"ancestorTitles":["AuthController","getCsrfToken"],"duration":3,"failing":false,"failureDetails":[],"failureMessages":[],"fullName":"AuthController getCsrfToken should return empty string if csrfToken is not available","invocations":1,"location":null,"numPassingAsserts":1,"retryReasons":[],"startAt":1771575284643,"status":"passed","title":"should return empty string if csrfToken is not available"}],"endTime":1771575284648,"message":"","name":"C:\\dev\\zsolt-pet\\src\\auth\\auth.controller.spec.ts","startTime":1771575281082,"status":"passed","summary":""},{"assertionResults":[{"ancestorTitles":["AdminModule"],"duration":8,"failing":false,"failureDetails":[],"failureMessages":[],"fullName":"AdminModule should be defined","invocations":1,"location":null,"numPassingAsserts":1,"retryReasons":[],"startAt":1771575284896,"status":"passed","title":"should be defined"},{"ancestorTitles":["AdminModule"],"duration":4,"failing":false,"failureDetails":[],"failureMessages":[],"fullName":"AdminModule should provide AdminService (overridden)","invocations":1,"location":null,"numPassingAsserts":1,"retryReasons":[],"startAt":1771575284904,"status":"passed","title":"should provide AdminService (overridden)"}],"endTime":1771575284909,"message":"","name":"C:\\dev\\zsolt-pet\\src\\admin\\admin.module.spec.ts","startTime":1771575282917,"status":"passed","summary":""},{"assertionResults":[{"ancestorTitles":["AuthModule"],"duration":7,"failing":false,"failureDetails":[],"failureMessages":[],"fullName":"AuthModule should be defined","invocations":1,"location":null,"numPassingAsserts":1,"retryReasons":[],"startAt":1771575285170,"status":"passed","title":"should be defined"},{"ancestorTitles":["AuthModule"],"duration":3,"failing":false,"failureDetails":[],"failureMessages":[],"fullName":"AuthModule should provide AuthService","invocations":1,"location":null,"numPassingAsserts":1,"retryReasons":[],"startAt":1771575285177,"status":"passed","title":"should provide AuthService"}],"endTime":1771575285180,"message":"","name":"C:\\dev\\zsolt-pet\\src\\auth\\auth.module.spec.ts","startTime":1771575283937,"status":"passed","summary":""}],"wasInterrupted":false}
